<?xml version="1.0" encoding="UTF-8"?>
<testsuite name="com.day21.UserRegistrationTest" tests="8" skipped="0" failures="0" errors="0" timestamp="2022-03-12T19:17:15" hostname="DESKTOP-617Q1NQ" time="0.179">
  <properties/>
  <testcase name="givenLastName_WhenInFormat_ShouldReturnTrue()" classname="com.day21.UserRegistrationTest" time="0.087"/>
  <testcase name="givenLastName_WhenOurOfFormat_ShouldReturnFalse()" classname="com.day21.UserRegistrationTest" time="0.006"/>
  <testcase name="givenEmail_WhenOurOfFormat_ShouldReturnFalse()" classname="com.day21.UserRegistrationTest" time="0.003"/>
  <testcase name="givenFirstName_WhenInFormat_ShouldReturnTrue()" classname="com.day21.UserRegistrationTest" time="0.009"/>
  <testcase name="givenPhoneNumber_WhenOurOfFormat_ShouldReturnFlase()" classname="com.day21.UserRegistrationTest" time="0.004"/>
  <testcase name="givenFirstName_WhenOurOfFormat_ShouldReturnFlase()" classname="com.day21.UserRegistrationTest" time="0.003"/>
  <testcase name="givenEmail_WhenInFormat_ShouldReturnTrue()" classname="com.day21.UserRegistrationTest" time="0.007"/>
  <testcase name="givenPhoneNumber_WhenInFormat_ShouldReturnTrue()" classname="com.day21.UserRegistrationTest" time="0.005"/>
  <system-out><![CDATA[]]></system-out>
  <system-err><![CDATA[]]></system-err>
</testsuite>
