<?xml version="1.0" encoding="UTF-8"?>
<testsuite name="com.day21.UserRegistrationTest" tests="14" skipped="0" failures="0" errors="0" timestamp="2022-03-12T20:03:40" hostname="DESKTOP-617Q1NQ" time="0.334">
  <properties/>
  <testcase name="givenPasswordRule2_WhenOurOfFormat_ShouldReturnFalse()" classname="com.day21.UserRegistrationTest" time="0.134"/>
  <testcase name="givenPassword_WhenOurOfFormat_ShouldReturnFalse()" classname="com.day21.UserRegistrationTest" time="0.005"/>
  <testcase name="givenLastName_WhenInFormat_ShouldReturnTrue()" classname="com.day21.UserRegistrationTest" time="0.003"/>
  <testcase name="givenLastName_WhenOurOfFormat_ShouldReturnFalse()" classname="com.day21.UserRegistrationTest" time="0.01"/>
  <testcase name="givenEmail_WhenOurOfFormat_ShouldReturnFalse()" classname="com.day21.UserRegistrationTest" time="0.028"/>
  <testcase name="givenFirstName_WhenInFormat_ShouldReturnTrue()" classname="com.day21.UserRegistrationTest" time="0.021"/>
  <testcase name="givenPasswordRule3_WhenOurOfFormat_ShouldReturnFalse()" classname="com.day21.UserRegistrationTest" time="0.002"/>
  <testcase name="givenPassword_WhenInFormat_ShouldReturnTrue()" classname="com.day21.UserRegistrationTest" time="0.014"/>
  <testcase name="givenPasswordRule2_WhenInFormat_ShouldReturnTrue()" classname="com.day21.UserRegistrationTest" time="0.005"/>
  <testcase name="givenPhoneNumber_WhenOurOfFormat_ShouldReturnFlase()" classname="com.day21.UserRegistrationTest" time="0.003"/>
  <testcase name="givenPasswordRule3_WhenInFormat_ShouldReturnTrue()" classname="com.day21.UserRegistrationTest" time="0.005"/>
  <testcase name="givenFirstName_WhenOurOfFormat_ShouldReturnFlase()" classname="com.day21.UserRegistrationTest" time="0.003"/>
  <testcase name="givenEmail_WhenInFormat_ShouldReturnTrue()" classname="com.day21.UserRegistrationTest" time="0.004"/>
  <testcase name="givenPhoneNumber_WhenInFormat_ShouldReturnTrue()" classname="com.day21.UserRegistrationTest" time="0.003"/>
  <system-out><![CDATA[]]></system-out>
  <system-err><![CDATA[]]></system-err>
</testsuite>
